<?xml version="1.0" encoding="UTF-8"?>
<testsuite xmlns:xsi="http://www.w3.org/2001/XMLSchema-instance" xsi:noNamespaceSchemaLocation="https://maven.apache.org/surefire/maven-surefire-plugin/xsd/surefire-test-report-3.0.xsd" version="3.0" name="assignment4.Assignment4.Assignment4ApplicationTests" time="17.196" tests="1" errors="0" skipped="0" failures="0">
  <properties>
[...]
</properties>
  <testcase name="contextLoads" classname="assignment4.Assignment4.Assignment4ApplicationTests" time="4.267">
    <system-out><![CDATA[15:45:52.301 [main] INFO org.springframework.test.context.support.AnnotationConfigContextLoaderUtils -- Could not detect default configuration classes for test class [assignment4.Assignment4.Assignment4ApplicationTests]: Assignment4ApplicationTests does not declare any static, non-private, non-final, nested classes annotated with @Configuration.
15:45:53.112 [main] INFO org.springframework.boot.test.context.SpringBootTestContextBootstrapper -- Found @SpringBootConfiguration assignment4.Assignment4.Assignment4Application for test class assignment4.Assignment4.Assignment4ApplicationTests

  .   ____          _            __ _ _
 /\\ / ___'_ __ _ _(_)_ __  __ _ \ \ \ \
( ( )\___ | '_ | '_| | '_ \/ _` | \ \ \ \
 \\/  ___)| |_)| | | | | || (_| |  ) ) ) )
  '  |____| .__|_| |_|_| |_\__, | / / / /
 =========|_|==============|___/=/_/_/_/
 :: Spring Boot ::                (v3.2.4)

2024-04-09T15:45:56.157-04:00  INFO 6092 --- [Assignment4] [           main] a.A.Assignment4ApplicationTests          : Starting Assignment4ApplicationTests using Java 20.0.2 with PID 6092 (started by Owner in C:\Users\Owner\OneDrive - UNCG\CSC340 projects\Assignment4)
2024-04-09T15:45:56.159-04:00  INFO 6092 --- [Assignment4] [           main] a.A.Assignment4ApplicationTests          : No active profile set, falling back to 1 default profile: "default"
2024-04-09T15:46:03.361-04:00  INFO 6092 --- [Assignment4] [           main] a.A.Assignment4ApplicationTests          : Started Assignment4ApplicationTests in 9.255 seconds (process running for 15.819)
]]></system-out>
  </testcase>
</testsuite>